<?xml version="1.0" encoding="UTF-8"?>
<testsuite xmlns:xsi="http://www.w3.org/2001/XMLSchema-instance" xsi:noNamespaceSchemaLocation="https://maven.apache.org/surefire/maven-failsafe-plugin/xsd/failsafe-test-report.xsd" name="starter.TestSuite" time="19.541" tests="1" errors="1" skipped="0" failures="0">
  <properties>
[...]
</properties>
  <testcase name="Create List Book Success" classname="Login" time="13.527">
    <error message="element click intercepted: Element &lt;button id=&quot;addNewRecordButton&quot; type=&quot;button&quot; class=&quot;btn btn-primary&quot;&gt;...&lt;/button&gt; is not clickable at point (439, 585). Other element would receive the click: &lt;iframe frameborder=&quot;0&quot; src=&quot;https://5d4d0a9e75063ee7f83bc9cb107b688a.safeframe.googlesyndication.com/safeframe/1-0-38/html/container.html&quot; id=&quot;google_ads_iframe_/21849154601,22343295815/Ad.Plus-Anchor_0&quot; title=&quot;3rd party ad content&quot; name=&quot;&quot; scrolling=&quot;no&quot; marginwidth=&quot;0&quot; marginheight=&quot;0&quot; width=&quot;728&quot; height=&quot;90&quot; data-is-safeframe=&quot;true&quot; sandbox=&quot;allow-forms allow-popups allow-popups-to-escape-sandbox allow-same-origin allow-scripts allow-top-navigation-by-user-activation&quot; allow=&quot;attribution-reporting&quot; data-google-container-id=&quot;1&quot; style=&quot;border: 0px; vertical-align: bottom;&quot; data-load-complete=&quot;true&quot;&gt;&lt;/iframe&gt;&#10;  (Session info: chrome=96.0.4664.45)&#10;Build info: version: &apos;3.141.59&apos;, revision: &apos;e82be7d358&apos;, time: &apos;2018-11-14T08:17:03&apos;&#10;System info: host: &apos;DESKTOP-85IU30L&apos;, ip: &apos;192.168.1.8&apos;, os.name: &apos;Windows 10&apos;, os.arch: &apos;amd64&apos;, os.version: &apos;10.0&apos;, java.version: &apos;1.8.0_111&apos;&#10;Driver info: org.openqa.selenium.chrome.ChromeDriver&#10;Capabilities {acceptInsecureCerts: false, browserName: chrome, browserVersion: 96.0.4664.45, chrome: {chromedriverVersion: 96.0.4664.45 (76e4c1bb2ab46..., userDataDir: C:\Users\ftoru\AppData\Loca...}, goog:chromeOptions: {debuggerAddress: localhost:59641}, javascriptEnabled: true, networkConnectionEnabled: false, pageLoadStrategy: normal, platform: WINDOWS, platformName: WINDOWS, proxy: Proxy(), setWindowRect: true, strictFileInteractability: false, timeouts: {implicit: 0, pageLoad: 300000, script: 30000}, unhandledPromptBehavior: dismiss and notify, webauthn:extension:credBlob: true, webauthn:extension:largeBlob: true, webauthn:virtualAuthenticators: true}&#10;Session ID: 980b36b3bd883eed47030ce738f4f81d" type="org.openqa.selenium.ElementClickInterceptedException"><![CDATA[org.openqa.selenium.ElementClickInterceptedException: 
element click intercepted: Element <button id="addNewRecordButton" type="button" class="btn btn-primary">...</button> is not clickable at point (439, 585). Other element would receive the click: <iframe frameborder="0" src="https://5d4d0a9e75063ee7f83bc9cb107b688a.safeframe.googlesyndication.com/safeframe/1-0-38/html/container.html" id="google_ads_iframe_/21849154601,22343295815/Ad.Plus-Anchor_0" title="3rd party ad content" name="" scrolling="no" marginwidth="0" marginheight="0" width="728" height="90" data-is-safeframe="true" sandbox="allow-forms allow-popups allow-popups-to-escape-sandbox allow-same-origin allow-scripts allow-top-navigation-by-user-activation" allow="attribution-reporting" data-google-container-id="1" style="border: 0px; vertical-align: bottom;" data-load-complete="true"></iframe>
  (Session info: chrome=96.0.4664.45)
Build info: version: '3.141.59', revision: 'e82be7d358', time: '2018-11-14T08:17:03'
System info: host: 'DESKTOP-85IU30L', ip: '192.168.1.8', os.name: 'Windows 10', os.arch: 'amd64', os.version: '10.0', java.version: '1.8.0_111'
Driver info: org.openqa.selenium.chrome.ChromeDriver
Capabilities {acceptInsecureCerts: false, browserName: chrome, browserVersion: 96.0.4664.45, chrome: {chromedriverVersion: 96.0.4664.45 (76e4c1bb2ab46..., userDataDir: C:\Users\ftoru\AppData\Loca...}, goog:chromeOptions: {debuggerAddress: localhost:59641}, javascriptEnabled: true, networkConnectionEnabled: false, pageLoadStrategy: normal, platform: WINDOWS, platformName: WINDOWS, proxy: Proxy(), setWindowRect: true, strictFileInteractability: false, timeouts: {implicit: 0, pageLoad: 300000, script: 30000}, unhandledPromptBehavior: dismiss and notify, webauthn:extension:credBlob: true, webauthn:extension:largeBlob: true, webauthn:virtualAuthenticators: true}
Session ID: 980b36b3bd883eed47030ce738f4f81d
]]></error>
    <system-out><![CDATA[09:44:16.082 [main] DEBUG n.t.c.u.PropertiesFileLocalPreferences - LOADING LOCAL PROPERTIES FROM D:\Otnam\Alterra\Alta-WebTesting\serenity.properties 
09:44:16.161 [main] DEBUG n.t.c.u.PropertiesFileLocalPreferences - LOADING LOCAL PROPERTIES FROM D:\Otnam\Alterra\Alta-WebTesting\serenity.properties 
09:44:16.161 [main] DEBUG n.t.c.u.PropertiesFileLocalPreferences - LOADING LOCAL PROPERTIES FROM D:\Otnam\Alterra\Alta-WebTesting\serenity.properties 
09:44:16.176 [main] DEBUG n.t.c.u.PropertiesFileLocalPreferences - story.timeout.in.secs=600
09:44:16.176 [main] DEBUG n.t.c.u.PropertiesFileLocalPreferences - webdriver.driver=chrome
09:44:16.176 [main] DEBUG n.t.c.u.PropertiesFileLocalPreferences - chrome.switches=--incognito
09:44:16.176 [main] DEBUG n.t.c.u.PropertiesFileLocalPreferences - webdriver.base.url=https://demoqa.com/
09:44:16.176 [main] DEBUG n.t.c.u.PropertiesFileLocalPreferences - serenity.take.screenshots=AFTER_EACH_STEP
09:44:16.177 [main] DEBUG n.t.c.u.PropertiesFileLocalPreferences - webdriver.timeouts.implicitlywait=1000
09:44:16.177 [main] DEBUG n.t.c.u.PropertiesFileLocalPreferences - serenity.maintain.session=true
09:44:16.177 [main] DEBUG n.t.c.u.PropertiesFileLocalPreferences - ignore.failures.in.stories=true
09:44:16.339 [main] DEBUG n.t.c.u.PropertiesFileLocalPreferences - LOADING LOCAL PROPERTIES FROM D:\Otnam\Alterra\Alta-WebTesting\serenity.properties 
09:44:16.347 [main] DEBUG n.t.c.u.PropertiesFileLocalPreferences - LOADING LOCAL PROPERTIES FROM D:\Otnam\Alterra\Alta-WebTesting\serenity.properties 
09:44:16.348 [main] DEBUG n.t.c.u.PropertiesFileLocalPreferences - LOADING LOCAL PROPERTIES FROM D:\Otnam\Alterra\Alta-WebTesting\serenity.properties 
09:44:16.349 [main] DEBUG n.t.c.u.PropertiesFileLocalPreferences - story.timeout.in.secs=600
09:44:16.349 [main] DEBUG n.t.c.u.PropertiesFileLocalPreferences - webdriver.driver=chrome
09:44:16.349 [main] DEBUG n.t.c.u.PropertiesFileLocalPreferences - chrome.switches=--incognito
09:44:16.351 [main] DEBUG n.t.c.u.PropertiesFileLocalPreferences - webdriver.base.url=https://demoqa.com/
09:44:16.351 [main] DEBUG n.t.c.u.PropertiesFileLocalPreferences - serenity.take.screenshots=AFTER_EACH_STEP
09:44:16.352 [main] DEBUG n.t.c.u.PropertiesFileLocalPreferences - webdriver.timeouts.implicitlywait=1000
09:44:16.353 [main] DEBUG n.t.c.u.PropertiesFileLocalPreferences - serenity.maintain.session=true
09:44:16.354 [main] DEBUG n.t.c.u.PropertiesFileLocalPreferences - ignore.failures.in.stories=true
09:44:16.372 [main] INFO  n.t.c.steps.ConsoleLoggingListener - 

-------------------------------------------------------------------------------------
     _______. _______ .______       _______ .__   __.  __  .___________.____    ____ 
    /       ||   ____||   _  \     |   ____||  \ |  | |  | |           |\   \  /   / 
   |   (----`|  |__   |  |_)  |    |  |__   |   \|  | |  | `---|  |----` \   \/   /  
    \   \    |   __|  |      /     |   __|  |  . `  | |  |     |  |       \_    _/   
.----)   |   |  |____ |  |\  \----.|  |____ |  |\   | |  |     |  |         |  |     
|_______/    |_______|| _| `._____||_______||__| \__| |__|     |__|         |__|    
                                                                                     
 News and tutorials at http://www.serenity-bdd.info                                  
 Documentation at https://wakaleo.gitbooks.io/the-serenity-book/content/             
 Join the Serenity Community on Rocket Chat at https://serenity-bdd.rocket.chat      
 Serenity BDD Support and Training at http://serenity-bdd.info/#/trainingandsupport  
 Learn Serenity BDD online at http://serenity-dojo.com                               
-------------------------------------------------------------------------------------

09:44:16.392 [main] DEBUG n.thucydides.core.steps.StepEventBus - Test suite started for story net.thucydides.core.model.Story@45df9721
09:44:16.405 [main] INFO  n.t.c.steps.ConsoleLoggingListener - Test Suite Started: Login
Feature: Login
  As a Bookstore Web API
  I want to see my timeline
  So that I can see bookstore

  @CreateListBook
  Scenario: Create List Book Success &amp#27;[90m# src/test/resources/features/books/book.feature:13&amp#27;[0m
09:44:16.669 [main] INFO  n.t.c.steps.ConsoleLoggingListener - 
 _____ _____ ____ _____   ____ _____  _    ____ _____ _____ ____  
|_   _| ____/ ___|_   _| / ___|_   _|/ \  |  _ \_   _| ____|  _ \ 
  | | |  _| \___ \ | |   \___ \ | | / _ \ | |_) || | |  _| | | | |
  | | | |___ ___) || |    ___) || |/ ___ \|  _ < | | | |___| |_| |
  |_| |_____|____/ |_|   |____/ |_/_/   \_\_| \_\|_| |_____|____/ 
                                                                  

TEST STARTED: Create List Book Success
-------------------------------------------------------------------(login;create-list-book-success)
09:44:18.141 [main] INFO  n.s.c.w.d.ProvideNewDriver - Instantiating driver
09:44:18.146 [main] INFO  n.s.c.w.d.ProvideNewDriver - Driver capabilities: Capabilities {acceptInsecureCerts: false, browserName: chrome, chrome.switches: --incognito, goog:chromeOptions: {args: [--incognito], extensions: []}, loggingPrefs: org.openqa.selenium.logging..., platform: ANY, version: }
    &amp#27;[32mGiven &amp#27;[0m&amp#27;[32mI am success login&amp#27;[0m         &amp#27;[90m# CreateListBook.i_am_success_login()&amp#27;[0m
09:44:25.213 [main] DEBUG n.s.core.photography.Darkroom - Opening darkroom
09:44:25.216 [Darkroom Processing Line] DEBUG n.s.c.p.DarkroomProcessingLine - Darkroom processing line starting up
09:44:25.554 [main] DEBUG n.s.core.photography.Darkroom - Send negative for processing for target\site\serenity\a5f900f2b461c5eb42a8672967cc74f83c8015740c099ff8dded1c833205ecbf.png
09:44:25.555 [Darkroom Processing Line] DEBUG n.s.c.p.DarkroomProcessingLine - Processing screenshot image in /var/screenshots/screenshot-243097709425370205
09:44:25.556 [Darkroom Processing Line] DEBUG n.s.c.p.DarkroomProcessingLine - Saving screenshot to target\site\serenity\a5f900f2b461c5eb42a8672967cc74f83c8015740c099ff8dded1c833205ecbf.png
    &amp#27;[32mWhen &amp#27;[0m&amp#27;[32mI am create list book&amp#27;[0m       &amp#27;[90m# CreateListBook.i_am_create_list_book()&amp#27;[0m
09:44:26.834 [main] DEBUG n.s.core.photography.Darkroom - Send negative for processing for target\site\serenity\ac7e6ab7314541771356dad7accee8ffc2b667bf2ea2bac308fb854c126eaed8.png
09:44:26.835 [Darkroom Processing Line] DEBUG n.s.c.p.DarkroomProcessingLine - Processing screenshot image in /var/screenshots/screenshot-2352495774908405895
09:44:26.835 [Darkroom Processing Line] DEBUG n.s.c.p.DarkroomProcessingLine - Saving screenshot to target\site\serenity\ac7e6ab7314541771356dad7accee8ffc2b667bf2ea2bac308fb854c126eaed8.png
09:44:30.035 [main] DEBUG n.s.core.photography.Darkroom - Send negative for processing for target\site\serenity\2aea7da9ae110a53f091b9a341194050aefa3d7a65f1a7659f16e0e5f61d59c2.png
09:44:30.036 [Darkroom Processing Line] DEBUG n.s.c.p.DarkroomProcessingLine - Processing screenshot image in /var/screenshots/screenshot-5652088006208103463
09:44:30.037 [Darkroom Processing Line] DEBUG n.s.c.p.DarkroomProcessingLine - Saving screenshot to target\site\serenity\2aea7da9ae110a53f091b9a341194050aefa3d7a65f1a7659f16e0e5f61d59c2.png
    &amp#27;[31mThen &amp#27;[0m&amp#27;[31mI am success add book&amp#27;[0m       &amp#27;[90m# CreateListBook.i_am_success_add_book()&amp#27;[0m
      &amp#27;[31morg.openqa.selenium.ElementClickInterceptedException: element click intercepted: Element <button id="addNewRecordButton" type="button" class="btn btn-primary">...</button> is not clickable at point (439, 585). Other element would receive the click: <iframe frameborder="0" src="https://5d4d0a9e75063ee7f83bc9cb107b688a.safeframe.googlesyndication.com/safeframe/1-0-38/html/container.html" id="google_ads_iframe_/21849154601,22343295815/Ad.Plus-Anchor_0" title="3rd party ad content" name="" scrolling="no" marginwidth="0" marginheight="0" width="728" height="90" data-is-safeframe="true" sandbox="allow-forms allow-popups allow-popups-to-escape-sandbox allow-same-origin allow-scripts allow-top-navigation-by-user-activation" allow="attribution-reporting" data-google-container-id="1" style="border: 0px; vertical-align: bottom;" data-load-complete="true"></iframe>
  (Session info: chrome=96.0.4664.45)
Build info: version: '3.141.59', revision: 'e82be7d358', time: '2018-11-14T08:17:03'
System info: host: 'DESKTOP-85IU30L', ip: '192.168.1.8', os.name: 'Windows 10', os.arch: 'amd64', os.version: '10.0', java.version: '1.8.0_111'
Driver info: org.openqa.selenium.chrome.ChromeDriver
Capabilities {acceptInsecureCerts: false, browserName: chrome, browserVersion: 96.0.4664.45, chrome: {chromedriverVersion: 96.0.4664.45 (76e4c1bb2ab46..., userDataDir: C:\Users\ftoru\AppData\Loca...}, goog:chromeOptions: {debuggerAddress: localhost:59641}, javascriptEnabled: true, networkConnectionEnabled: false, pageLoadStrategy: normal, platform: WINDOWS, platformName: WINDOWS, proxy: Proxy(), setWindowRect: true, strictFileInteractability: false, timeouts: {implicit: 0, pageLoad: 300000, script: 30000}, unhandledPromptBehavior: dismiss and notify, webauthn:extension:credBlob: true, webauthn:extension:largeBlob: true, webauthn:virtualAuthenticators: true}
Session ID: 980b36b3bd883eed47030ce738f4f81d
	at sun.reflect.NativeConstructorAccessorImpl.newInstance0(Native Method)
	at sun.reflect.NativeConstructorAccessorImpl.newInstance(NativeConstructorAccessorImpl.java:62)
	at sun.reflect.DelegatingConstructorAccessorImpl.newInstance(DelegatingConstructorAccessorImpl.java:45)
	at java.lang.reflect.Constructor.newInstance(Constructor.java:423)
	at org.openqa.selenium.remote.http.W3CHttpResponseCodec.createException(W3CHttpResponseCodec.java:187)
	at org.openqa.selenium.remote.http.W3CHttpResponseCodec.decode(W3CHttpResponseCodec.java:122)
	at org.openqa.selenium.remote.http.W3CHttpResponseCodec.decode(W3CHttpResponseCodec.java:49)
	at org.openqa.selenium.remote.HttpCommandExecutor.execute(HttpCommandExecutor.java:158)
	at org.openqa.selenium.remote.service.DriverCommandExecutor.execute(DriverCommandExecutor.java:83)
	at org.openqa.selenium.remote.RemoteWebDriver.execute(RemoteWebDriver.java:552)
	at org.openqa.selenium.remote.RemoteWebElement.execute(RemoteWebElement.java:285)
	at org.openqa.selenium.remote.RemoteWebElement.click(RemoteWebElement.java:84)
	at sun.reflect.NativeMethodAccessorImpl.invoke0(Native Method)
	at sun.reflect.NativeMethodAccessorImpl.invoke(NativeMethodAccessorImpl.java:62)
	at sun.reflect.DelegatingMethodAccessorImpl.invoke(DelegatingMethodAccessorImpl.java:43)
	at java.lang.reflect.Method.invoke(Method.java:498)
	at org.openqa.selenium.support.pagefactory.internal.LocatingElementHandler.invoke(LocatingElementHandler.java:51)
	at com.sun.proxy.$Proxy28.click(Unknown Source)
	at starter.Pages.CreateListBookPage.clickButtonBook(CreateListBookPage.java:51)
	at starter.Steps.CreateListBookSteps.createAddListBook(CreateListBookSteps.java:21)
	at starter.Steps.CreateListBookSteps$ByteBuddy$9ThmF44L.createAddListBook$accessor$s4y2Zwzf(Unknown Source)
	at sun.reflect.NativeMethodAccessorImpl.invoke0(Native Method)
	at sun.reflect.NativeMethodAccessorImpl.invoke(NativeMethodAccessorImpl.java:62)
	at sun.reflect.DelegatingMethodAccessorImpl.invoke(DelegatingMethodAccessorImpl.java:43)
	at java.lang.reflect.Method.invoke(Method.java:498)
	at net.thucydides.core.steps.BaseMethodRunner.invokeMethod(BaseMethodRunner.java:18)
	at net.thucydides.core.steps.NormalMethodRunner.invokeMethodAndNotifyFailures(NormalMethodRunner.java:18)
	at net.thucydides.core.steps.StepInterceptor.runNormalMethod(StepInterceptor.java:377)
	at net.thucydides.core.steps.StepInterceptor.testStepResult(StepInterceptor.java:162)
	at net.thucydides.core.steps.StepInterceptor.intercept(StepInterceptor.java:75)
	at starter.Steps.CreateListBookSteps$ByteBuddy$9ThmF44L.createAddListBook(Unknown Source)
	at starter.Test.CreateListBook.i_am_success_add_book(CreateListBook.java:26)
	at ?.I am success add book(file:src/test/resources/features/books/book.feature:16)
&amp#27;[0m
]]></system-out>
    <system-err><![CDATA[SLF4J: Class path contains multiple SLF4J bindings.
SLF4J: Found binding in [jar:file:/C:/Users/ftoru/.m2/repository/ch/qos/logback/logback-classic/1.0.13/logback-classic-1.0.13.jar!/org/slf4j/impl/StaticLoggerBinder.class]
SLF4J: Found binding in [jar:file:/C:/Users/ftoru/.m2/repository/org/slf4j/slf4j-nop/1.5.3/slf4j-nop-1.5.3.jar!/org/slf4j/impl/StaticLoggerBinder.class]
SLF4J: Found binding in [jar:file:/C:/Users/ftoru/.m2/repository/org/slf4j/slf4j-jdk14/1.5.6/slf4j-jdk14-1.5.6.jar!/org/slf4j/impl/StaticLoggerBinder.class]
SLF4J: See http://www.slf4j.org/codes.html#multiple_bindings for an explanation.
SLF4J: Actual binding is of type [ch.qos.logback.classic.util.ContextSelectorStaticBinder]
Nov 23, 2021 9:44:16 AM cucumber.runtime.java.ObjectFactoryLoader loadSingleObjectFactory
WARNING: Loading deprecated ObjectFactory from runtime via reflection: cucumber.runtime.SerenityObjectFactory
Nov 23, 2021 9:44:17 AM org.openqa.selenium.remote.DesiredCapabilities chrome
INFO: Using `new ChromeOptions()` is preferred to `DesiredCapabilities.chrome()`
Starting ChromeDriver 96.0.4664.45 (76e4c1bb2ab4671b8beba3444e61c0f17584b2fc-refs/branch-heads/4664@{#947}) on port 8810
Only local connections are allowed.
Please see https://chromedriver.chromium.org/security-considerations for suggestions on keeping ChromeDriver safe.
ChromeDriver was started successfully.
Nov 23, 2021 9:44:20 AM org.openqa.selenium.remote.ProtocolHandshake createSession
INFO: Detected dialect: W3C
]]></system-err>
  </testcase>
</testsuite>